<?xml version="1.0" encoding="UTF-8" ?>
<testsuite errors="0" failures="0" hostname="Krittitees-MacBook-Pro.local" name="RationalTest" skipped="0" tests="7" time="0.049" timestamp="2022-09-12T08:54:40">
  <properties>
[...]
</properties>
  <testcase classname="RationalTest" name="testAdd" time="0.004" />
  <testcase classname="RationalTest" name="testSubtract" time="0.0" />
  <testcase classname="RationalTest" name="testToString" time="0.009" />
  <testcase classname="RationalTest" name="testCompareTo" time="0.0" />
  <testcase classname="RationalTest" name="testDivide" time="0.0" />
  <testcase classname="RationalTest" name="testEquals" time="0.001" />
  <testcase classname="RationalTest" name="testMultiply" time="0.0" />
  <system-out><![CDATA[]]></system-out>
  <system-err><![CDATA[]]></system-err>
</testsuite>
